Arguments: 
  /usr/bin/node /usr/bin/yarn install

PATH: 
  /home/torben/myRoot/usr/bin:/home/torben/cloud/data/script/linux/bash/maintained/:/usr/local/sbin:/usr/local/bin:/usr/bin:/usr/lib/jvm/default/bin:/usr/bin/site_perl:/usr/bin/vendor_perl:/usr/bin/core_perl

Yarn version: 
  0.16.1

Node version: 
  6.9.1

Platform: 
  linux x64

npm manifest: 
  {
    "name": "serverwebnodeplugin",
    "version": "1.0.20",
    "description": "A generic extendable application and file server for webNode.",
    "documentationWebsite": {
      "name": "serverWebNodePlugin",
      "trackingCode": "TODO"
    },
    "homepage": "http://torben.website/serverWebNodePlugin",
    "license": "CC-BY-3.0",
    "main": "index.compiled.js",
    "keywords": [
      "web",
      "backend",
      "application",
      "server"
    ],
    "repository": {
      "type": "git",
      "url": "https://github.com/thaibault/serverWebNodePlugin.git"
    },
    "dependencies": {
      "weboptimizer": "latest",
      "web-node": "latest"
    },
    "devDependencies": {
      "documentation-website": "latest",
      "qunit-cli": "latest",
      "source-map-support": "latest"
    },
    "scripts": {
      "build": "webOptimizer build",
      "buildDLL": "webOptimizer buildDLL",
      "clear": "webOptimizer clear && rm --force log.txt &>/dev/null",
      "document": "webOptimizer document",
      "lint": "webOptimizer typeCheck && webOptimizer lint",
      "prepublish": "npm run build",
      "serve": "npm run build && webNode",
      "start": "npm run serve",
      "test": "webOptimizer test",
      "update": "npm version patch && npm publish",
      "updateDocumentation": "documentationWebsite --log-level info",
      "watch": "webOptimizer build --watch",
      "watchDLL": "webOptimizer buildDLL --watch"
    },
    "webNode": {
      "server": {
        "application": {
          "rootPath": {
            "__evaluate__": "currentPath"
          },
          "options": {},
          "port": 8080,
          "hostName": "127.0.0.1"
        }
      }
    },
    "webOptimizer": {
      "module": {
        "aliases": {
          "web-node/configurator$": "web-node/configurator.compiled",
          "web-node/pluginAPI$": "web-node/pluginAPI.compiled"
        }
      }
    }
  }

yarn manifest: 
  No manifest

bower manifest: 
  No manifest

Lockfile: 
  No lockfile

Trace: 
  Error: ENOTEMPTY: directory not empty, rmdir '/home/torben/.yarn-cache/npm-colors-1.0.3'
      at Error (native)
